23 CTATATATATATATATATATATA
23 CTATATATATATATATATATATA
23 CTATATATATATATATATATATA
19 TATATATATATATATATAT
19 TATATATATATATATATAT
19 TATATATATATATATATAT
19 TATATATATATATATATAT
19 TATATATATATATATATAT
19 TATATATATATATATATAT
19 TATATATATATATATATAT
19 TATATATATATATATATAT
19 TATATATATATATATATAT
18 TCGCGGCTCCCGCAGCAG
18 TCGCGGCTCCCGCAGCAG
17 ATAAATAATGATGCTGA
17 CAGCAGCAGCAGCAGCA
17 CAGCAGCAGCAGCAGCA
17 CAGCAACAGCAGCAGCA
17 CAGCAACAGCAGCAGCA
17 TATATATATATATATAT
17 TATATATATATATATAT
17 TATATATATATATATAT
17 TGAGGTGGTCCAGGTGG
17 CCGCAGCAGCAGCAGCA
17 CCGCAGCAGCAGCAGCA
17 CAGCAACAGCAGCAGCA
17 CAGCAGCAGCAGCAGCA
17 CAGCAGCAGCAGCAGCA
17 CAGCAACAGCAGCAGCA
17 CAGCAGCAGCAGCAGCA
17 CAGCAGCAGCAGCAGCA
16 TAAATTTCTTTTATTT
16 GGAGCAGCAGGAACAG
16 CCGCAGCAGCAGCAGC
16 CCGCAGCAGCAGCAGC
16 GGAGCAGCAGGAACAG
16 CCGCAGCAGCAGCAGC
16 CCGCAGCAGCAGCAGC
16 AATGGAGCGACAGGGA
16 GCAACAGCAACAACAG
16 CAGCAGCAGCAGCAGC
16 AGCAGCAGCAGCAGCA
16 GCAACAGCAACAACAG
16 AATGGAGCGACAGGGA
16 GCAACAGCAACAACAG
16 AGCAGCAGCAGCAGCA
16 GCAACAGCAACAACAG
16 AATGGAGCGACAGGGA
16 GCAACAGCAACAACAG
16 AGCAGCAGCAGCAGCA
16 GCAACAGCAACAACAG
16 GCAAAGGCAACAACAA
16 CCAGAAGGACGACGAC
16 GCAAAGGCAACAACAA
16 CCAGAAGGACGACGAC
16 GGAGCTGGAGATGGAG
16 GGAGCTGGAGATGGAG
16 GCAGCAGCAGCAGTAG
16 AACAAACAAACAAACA
16 AACAAACAAACAAACA
16 TCCTGCTGGCCGCCAT
16 CCTCAGCAGCAGCAGC
16 CCGCAGCAGCAGCAGC
16 CCGCAGCAGCAGCAGC
16 CAGCAACAGCAGCAGC
16 CAGCAGCAGCAGCAGC
16 AGCAGCAGCAGCAGCA
16 CAGCAACAGCAGCAGC
16 CAGCAGCAGCAGCAGC
16 AGCAGCAGCAGCAGCA
16 GCTCCTCCAGCTCGAG
16 GCTCCTCCAGCTCGAG
16 GCTCCTCCAGCTCGAG
15 CTTTAAAAACACATT
15 GTCCTCGGCATTGCC
15 GTCCTCGGCATTGCC
15 GTCCTCGGCATTGCC
15 GAAGCAGCCATGTGT
15 CGGAATTTCAATATA
15 TTGTTAGGTACAAAT
15 AACACTTAAATTGCA
15 TTTTGTTTTGCTTAC
15 GAGGAGGAGCTGCAG
15 CAGCAGCAGCAGCTC
15 CACATTTGCCAAAAG
15 GAGGAGGAGCTGCAG
15 CAGCAGCAGCAGCTC
15 CACATTTGCCAAAAG
15 AAGAAAAACAATTGC
15 CAACAGCAGCAGCAG
15 GCAGCAGCAGCAGCA
15 AGTTCCAGTAGCAGC
15 ATGCAAGTCCTGGCG
15 AGCTGCCGCAGCAGC
15 CAGCAGCAGCAGCAG
15 CAGCAGCAGCAGCAG
15 CAGCAGCAGCAGCAG
15 GCAGCAGCAGCTCCA
15 TGCAGCAGCAACAGT
15 GCAAATGCAACAGCA
15 AAGAAAAACAATTGC
15 AGTTCCAGTAGCAGC
15 ATGCAAGTCCTGGCG
15 AGCTGCCGCAGCAGC
15 CAGCAGCAGCAGCAG
15 CAGCAGCAGCAGCAG
15 CAGCAGCAGCAGCAG
15 GCAGCAGCAGCTCCA
15 TGCAGCAGCAACAGT
15 GCAAATGCAACAGCA
15 CACAAGTCTCAGCCT
15 AAGAAAAACAATTGC
15 AGTTCCAGTAGCAGC
15 ATGCAAGTCCTGGCG
15 TTTGGGTTTCAATTT
15 TAATGAATAAGTTTA
15 TTTGGGTTTCAATTT
15 TAATGAATAAGTTTA
15 TTCGGAGGAACGGAG
15 TATATATATATATAT
15 GCATGATTACTTTTT
15 AACACATATACACTC
15 TATATATATATATAT
15 GCATGATTACTTTTT
15 AACACATATACACTC
15 TATATATATATATAT
15 GCATGATTACTTTTT
15 AACACATATACACTC
15 ACATAGCAAGCTGAA
15 CCCAAGGACGAGGAG
15 AGCAGCAGCAGCAGC
15 AGCAGCAGCAGCAGC
15 AGCAGCAGCAGCAGC
15 GTCAGCCAGCTAATG
15 CAGCAGCAGCAGCTC
15 AGGTGGTCCAGGTGG
15 GCAGCAGCAGCAGCA
15 GCAGCAGCAGCAGCA
15 GCAGCAGCAGCAGCA
15 GCAGCAGCAGCAGCA
15 TGCGCAGCCATGGCA
15 GCAGTTGCAGCAGCA
15 GCAGCAGCAGCTGCA
15 GCAGCAGCAGCAGCA
15 GATACAGATACAGAT
15 TGCGCAGCCATGGCA
15 GCAGTTGCAGCAGCA
15 GCAGCAGCAGCTGCA
15 GCAGCAGCAGCAGCA
15 TGGCTCCTCCTCCAG
15 CTTTTGGACAATAAT
15 CTTTTGGACAATAAT
15 CTTTTGGACAATAAT
14 AAAAGCATAAATCG
14 CACTTTAAACCCAA
14 CCAACAAAGCCAGT
14 TTCATTTTTTATTT
14 TTTCTTTTATTTTC
14 AAAGTGTGTTTATT
14 AAAGTGTGTTTATT
14 AATTAAATAAAAAC
14 CAGAAGGTACATTA
14 AAAATCCTTTGAGC
14 CAAGTGGAAAGGCA
14 AAATGGTACTGCAG
14 AATGGAAATGGAAA
14 TTAGATATTTATTT
14 AAAAATATATTAAA
14 AAAAATATATTAAA
14 AAAAATATATTAAA
14 AAAAATATATTAAA
14 AAAAATATATTAAA
14 AAAAATATATTAAA
14 ACAGAAACAGAAAC
14 ACAGAAACAGAAAC
14 ACAGAAACAGAAAC
14 TTGTGTGTTTACTT
14 TGTGCGAAATTTGC
14 GGCCATCAGCACAA
14 GGCCATCAGCACAA
14 GTTTTCCAAACCAA
14 CAGCAACAACAAAG
14 AAGTAGTTTAACTC
14 GCTGCTCCTCCTCC
14 GAAAAGGAGCAGCG
14 GTTCCGCCTCGTCC
14 AAGAAATCGAAGAG
14 CGGAGCAGCAGGAA
14 CAGCAGCAGCAGCT
14 CAGCAACAACAAAG
14 AAGTAGTTTAACTC
14 GCTGCTCCTCCTCC
14 GAAAAGGAGCAGCG
14 GTTCCGCCTCGTCC
14 AAGAAATCGAAGAG
14 CGGAGCAGCAGGAA
14 CAGCAGCAGCAGCT
14 CTGAAACATGCAAA
14 CAAAAATTGAAAAA
14 CCGTGTTTAACACG
14 TATATATTGTATAT
14 CAAAAATTGAAAAA
14 CCGTGTTTAACACG
14 TATATATTGTATAT
14 CAAAAATTGAAAAA
14 CCGTGTTTAACACG
14 TATATATTGTATAT
14 GGCAACAACAACAA
14 GGACCAAGTTCAAA
14 GCAGCAGCAGCAGC
14 CAGCAGCAGCAGCA
14 ACCACACCCACAGC
14 AGCAGCAGCAGCAG
14 CGCAGCAGCAGCAG
14 CGCAGCAGCAGCAG
14 CAGCAACAGCAGCA
14 CAGCTTTCCCCACA
14 GCAGCAACAACAAA
14 CCGCAGCAGCAGCA
14 CCGCAGCAGCAGCA
14 TCGATGGGCGCATT
14 GGACCAAGTTCAAA
14 GCAGCAGCAGCAGC
14 ACCACACCCACAGC
14 AGCAGCAGCAGCAG
14 CGCAGCAGCAGCAG
14 CGCAGCAGCAGCAG
14 CAGCAACAGCAGCA
14 CAGCTTTCCCCACA
14 GCAGCAACAACAAA
14 CCGCAGCAGCAGCA
14 CCGCAGCAGCAGCA
14 TCGATGGGCGCATT
14 GGACCAAGTTCAAA
14 GCAGCAGCAGCAGC
14 ACCACACCCACAGC
14 AAAATCAAATTAAT
14 TAAAAAATAAATAA
14 TTTAAGTACTGCAT
14 AGCAACAAATGTGC
14 GAAGCCAAGGACTC
14 TTATATTTCCATGC
14 AAAGGAGCTGCCGC
14 ATCGTTTTTGATGA
14 AATTGCAGGAGGAA
14 CAAACACACACACA
14 AATTGCAGGAGGAA
14 CAAACACACACACA
14 AACTTATTTAACTT
14 TATATATATATATA
14 AATTGCAGGAGGAA
14 CAAACACACACACA
14 AACTTATTTAACTT
14 TATATATATATATA
14 GCCCAGCTCAATGG
14 GCCCAGCTCAATGG
14 ATTTTATTTAAATT
14 TCATTTTTTATTTT
14 ACTGCAAAAGCAAA
14 TCCTGTTTATTTGA
14 AGCAGCAGCAGCAG
14 AGCAGCAGCAGCAG
14 AGCAGCAGCAGCAG
14 GAAGTGGAGTGGAG
14 AGTGGAGTGGAGCG
14 ATGCCGGAGGTGAA
14 AAAATTGCATTTAA
14 ACACAGCAAACAAA
14 TGGTCAACAGAACC
14 GTTGGCCATTAATT
14 TATATATATTTATT
14 AAAACTCAAATTAA
14 GTTGGCCATTAATT
14 TATATATATTTATT
14 AAAACTCAAATTAA
14 GTTGGCCATTAATT
14 GACTCACACACACA
14 CACTGGAGACGCAA
14 CCACACACACACAT
14 CACTGGAGACGCAA
14 CACTGGAGACGCAA
14 GCTCGTCCGGCAGC
14 CGAAAAACAAGTAA
14 GCAGCAGCAGCAGC
14 GCAGCAGCAGCAGC
14 CCTGCCACTCCTGC
14 GAACCCCAATGCCA
14 GGGCAACATGGAAA
14 ACTGCCGCAGCAGC
14 ACTGCCGCAGCAGC
14 CGGCCACGCCCACT
14 AATCTGTGCACACC
14 CTTTTATGTTTTTT
14 CTTTTATGTTTTTT
14 TCTGCGTGATTTGG
14 TTTTTAATTGCTTC
14 CAGCAGCAGCAGCT
14 TCACACACACACAC
14 ACACACACACACTC
14 CAGTGGAAAGTGGA
14 GCAGCAGCAGCAGC
14 CAGCAGCAGCAGCA
14 CCAAATCTGGCGGG
14 TCACACACACACAC
14 ACACACACACACTC
14 CAGTGGAAAGTGGA
14 GCAGCAGCAGCAGC
14 CAGCAGCAGCAGCA
14 CCAAATCTGGCGGG
14 GCAGCAGCAGCAGC
14 CAGCAGCAGCAGCA
14 GCCAGCGGCGCCAT
14 TACAGATACAGATA
14 GCAGCAGCAGCAGC
14 CAGCAGCAGCAGCA
14 TGGCAGCAACAACA
14 TTGAGGCCAAGTGG
14 CAACATCGATATCG
14 TGGCAGCAACAACA
14 TTGAGGCCAAGTGG
14 CAACATCGATATCG
14 AAATTGATTTTCTG
13 CGGAGTTGAATTG
13 ACTTTGTTAAACA
13 AAATAGCATTCTG
13 CGGAGAAGCAATT
13 TTTCTGCGCAGCT
13 GGAAACACTGCAG
13 GAATGCCGCAGCA
13 CGACCATTTAAAT
13 TTAAATTAAATTA
13 GTATAAACACAAA
13 TTTAATAAATTGT
13 TTATAAAAAAATT
13 GGTTAAAATATTG
13 TAATTTTTGCATT
13 GCGAACTGCATTG
13 TTCGTAACATGGA
13 GAAGTCCAAGCAG
13 TTAAAAACACATT
13 CCAAAAAAGAAAA
13 GCAGCAACAACAA
13 GAAAGAAAATCCC
13 TTCCCTAAAAGAT
13 AGAAACCGCCGAG
13 GCGAACTGCATTG
13 TTCGTAACATGGA
13 GAAGTCCAAGCAG
13 TTAAAAACACATT
13 CCAAAAAAGAAAA
13 GCAGCAACAACAA
13 GAAAGAAAATCCC
13 TTCCCTAAAAGAT
13 AGAAACCGCCGAG
13 TTTTGTTTTTAAT
13 GCCACAGCAATTG
13 CACATTGCACTGG
13 ACACAACTCATTT
13 ACAGTCTGCACCC
13 AATGAAATCGAAA
13 TTATTGCCGTCAT
13 GAATTTGATTTTA
13 GCTTTTGCATTCT
13 ATGCTAATAATTA
13 TAAAAACAAAAGT
13 TTCAACCAAATCG
13 TACATACATACAT
13 TGCTGTGCCAAAA
13 TACTTCCCCACTC
13 AATAAAAAAGTGA
13 ATTGATTTTGCAG
13 TGCTGTGCCAAAA
13 TACTTCCCCACTC
13 AATAAAAAAGTGA
13 GAGACAATAATAA
13 CAAACCATTTTGT
13 TGCTGTGCCAAAA
13 TACTTCCCCACTC
13 AATAAAAAAGTGA
13 ATAAAATAAATAA
13 TAAATAAGAAAAG
13 ATTTATTTCTCGT
13 ATCCTGGTCCCCA
13 CATTTACCATGTT
13 ATGTCCTTCACTC
13 GTGGTTTTTATTT
13 TGGTTTTTATTTG
13 CCAAACCCCCAAT
13 TTGGTTGGAAAAT
13 AAATTGCAGGAGG
13 CAAAAAAAAACAT
13 AAAAAAACATTGG
13 TTGGCAGCTGCCA
13 GGACTCGAAAGGA
13 ACAAACAAACAGA
13 TGCAACGGCAGCA
13 AAATATGAAAAGT
13 TGCAACGGCAGCA
13 AAATATGAAAAGT
13 TGCAATAAATTTC
13 TGCAACGGCAGCA
13 AAATATGAAAAGT
13 TGCAATAAATTTC
13 TGCAACGGCAGCA
13 AAATATGAAAAGT
13 TGCAATAAATTTC
13 TGCAACGGCAGCA
13 AAATATGAAAAGT
13 TGCAATAAATTTC
13 TGCAACGGCAGCA
13 AAATATGAAAAGT
13 TGCAATAAATTTC
13 AGAGCATTCTGCA
13 CCCCAAACCGATG
13 TTATATTTACATT
13 AGAGCATTCTGCA
13 CCCCAAACCGATG
13 TTATATTTACATT
13 TATGTATATATAT
13 AGAGCATTCTGCA
13 CCCCAAACCGATG
13 TTATATTTACATT
13 TATGTATATATAT
13 ATTTGCCAGCTGC
13 TTCAGTTGAGACA
13 GAAATATTTTCAG
13 GAAGAGCAGAAAA
13 TAAGGCAATATAA
13 TAAGGCAATATAA
13 TAAGGCAATATAA
13 GCAATAAAAGTAA
13 AAGAGCTGGAGGA
13 TTAATTCTGTCAC
13 AACAGCAACAACA
13 GTTCCAACTCCAG
13 GGAAATAGCAACA
13 GCTCCTCCTCCAG
13 CCTGCTCCTCCAC
13 GAAGAGGAAAAAG
13 GGAAACTGAAGAC
13 AAAATCAAATTCA
13 GAAAAGTTGTTGC
13 TGAGCCAAAAATT
13 CTGCCTGCACCGC
13 CCTCAGCAACCTG
13 GCAGCAACATGCC
13 GCAGCAGCCACAG
13 ACACATGCAGCAG
13 TGCAGCAGCAACA
13 CTCAGCAGCAGCA
13 TGCAGCAACAGCA
13 CAGCAGCAGCAGC
13 CAGCAGCAGCAGC
13 CAGCAGCAGCAGC
13 CAGCAGCAGCAGC
13 CAGCAGCAGCAGC
13 TGCAGCAGCAACA
13 CAGCAGCAGCAGC
13 CAGCAGCAGCAGC
13 CAGCAGCAGCAGC
13 CAGCAGCAGCAGC
13 CAGCAGCAGCAGC
13 AAAACAATCAGCA
13 GCACTGCAGCTGA
13 AAGAGCTGGAGGA
13 TTAATTCTGTCAC
13 AACAGCAACAACA
13 GTTCCAACTCCAG
13 GGAAATAGCAACA
13 GCTCCTCCTCCAG
13 CCTGCTCCTCCAC
13 GAAGAGGAAAAAG
13 GGAAACTGAAGAC
13 AAAATCAAATTCA
13 GAAAAGTTGTTGC
13 TGAGCCAAAAATT
13 CTGCCTGCACCGC
13 CCTCAGCAACCTG
13 GCAGCAACATGCC
13 GCAGCAGCCACAG
13 ACACATGCAGCAG
13 TGCAGCAGCAACA
13 CTCAGCAGCAGCA
13 TGCAGCAACAGCA
13 CAGCAGCAGCAGC
13 CAGCAGCAGCAGC
13 CAGCAGCAGCAGC
13 CAGCAGCAGCAGC
13 CAGCAGCAGCAGC
13 TGCAGCAGCAACA
13 CAGCAGCAGCAGC
13 CAGCAGCAGCAGC
13 CAGCAGCAGCAGC
13 CAGCAGCAGCAGC
13 CAGCAGCAGCAGC
13 AAAACAATCAGCA
13 GCACTGCAGCTGA
13 ATTTAAAAAGAAA
13 CGATTAAGTTTTT
13 ACACACACATACA
13 GCAACAGCAGCAG
13 TAAAAAAGAAAGA
13 GCATCATTGGCGA
13 CGTATCTATTAAT
13 GCATCATTGGCGA
13 CGTATCTATTAAT
13 GCATCATTGGCGA
13 CGTATCTATTAAT
13 AAGGAAGAGGGAG
13 AACAACAATGCAA
13 GGAACTGGCGGCG
13 CAAATTGCGAGAA
13 TGGAGTGGGAAAG
13 TTCTTCTGCTTCG
13 CAGCAGCAGCAGC
13 AGCAGCAGCAGCA
13 GCAGCAACAACAA
13 GCAGCAGCAACAG
13 AAACCACACCCAC
13 TTTAGCTGAAATG
13 CAGCAGCAGCTGC
13 TTTGGAGAAAACG
13 TATTTATATAATT
13 GAAACAAAGTGCT
13 ATATGTTGTATAC
13 TTTTTAATTAAAT
13 ATGAGCAGCAATG
13 TTGCATACTTAAT
13 GAACAACAAACAA
13 ATAAATATATAAA
13 CTGCCGCAGCAGC
13 GCCGCAGCCGCGG
13 GCAAGTGCAACAG
13 GCAGCAACAACAA
13 GCAACAACAACAA
13 CAGCAGCAGCAGC
13 CAGCAGCAGCAGC
13 GCAGCAGCAGCAG
13 GCAGCAGCAGCAG
13 GCAGCAGCAGCAG
13 GCAGCAGCAGCAG
13 GACTGCCGCAGCA
13 GCAGCAGCAGCAG
13 GCAGCAGCAGCAG
13 CAGCAGCAGCAGC
13 GCAGCAGCAACAG
13 CAGCAACAACAGA
13 ACCACCGCCCCCC
13 GTGGAGCAGGCGG
13 GCAGCAGCAGCAG
13 GCAGCAGCAGCAG
13 CTCAGCAGCAGCA
13 TGTTGGGGGTGGT
13 CGCAACAGCAAAC
13 ACAGCAACAACAG
13 GATGGCAGTGGCA
13 GTCTGCGACAGTT
13 CATAAATGCCAGC
13 AAATGCCAGCGCA
13 CCGCAGCAGCAGC
13 CCGCAGCAGCAGC
13 GGAACTGGCGGCG
13 CAAATTGCGAGAA
13 TGGAGTGGGAAAG
13 TTCTTCTGCTTCG
13 GCAGCAGCAGCAG
13 AGCAGCAGCAGCA
13 GCAGCAACAACAA
13 AAACCACACCCAC
13 TTTAGCTGAAATG
13 CAGCAGCAGCTGC
13 TTTGGAGAAAACG
13 TATTTATATAATT
13 GAAACAAAGTGCT
13 ATATGTTGTATAC
13 TTTTTAATTAAAT
13 ATGAGCAGCAATG
13 TTGCATACTTAAT
13 GAACAACAAACAA
13 ATAAATATATAAA
13 CTGCCGCAGCAGC
13 GCCGCAGCCGCGG
13 GCAAGTGCAACAG
13 GCAGCAACAACAA
13 GCAACAACAACAA
13 CAGCAGCAGCAGC
13 CAGCAGCAGCAGC
13 GCAGCAGCAGCAG
13 GCAGCAGCAGCAG
13 GCAGCAGCAGCAG
13 GCAGCAGCAGCAG
13 GACTGCCGCAGCA
13 GCAGCAGCAGCAG
13 GCAGCAGCAGCAG
13 CAGCAGCAGCAGC
13 GCAGCAGCAACAG
13 CAGCAACAACAGA
13 ACCACCGCCCCCC
13 GTGGAGCAGGCGG
13 GCAGCAGCAGCAG
13 GCAGCAGCAGCAG
13 CTCAGCAGCAGCA
13 TGTTGGGGGTGGT
13 CGCAACAGCAAAC
13 ACAGCAACAACAG
13 GATGGCAGTGGCA
13 GTCTGCGACAGTT
13 CATAAATGCCAGC
13 AAATGCCAGCGCA
13 GAAAATGCTAGCG
13 TGCCATTGCCCGA
13 CCGCAGCAGCAGC
13 CCGCAGCAGCAGC
13 GGAACTGGCGGCG
13 CAAATTGCGAGAA
13 TGGAGTGGGAAAG
13 TTCTTCTGCTTCG
13 GCAGCAGCAGCAG
13 AGCAGCAGCAGCA
13 GCAGCAACAACAA
13 AAACCACACCCAC
13 TTTAGCTGAAATG
13 CAGCAGCAGCTGC
13 TTTGGAGAAAACG
13 TATTTATATAATT
13 GAAACAAAGTGCT
13 ATATGTTGTATAC
13 TTTTTAATTAAAT
13 ATGAGCAGCAATG
13 TTGCATACTTAAT
13 GAACAACAAACAA
13 ATAAATATATAAA
13 CGAATTCCAGCTG
13 TGCTAATTTGGCC
13 CTTTAACTAAAAT
13 CGAATTCCAGCTG
13 TGCTAATTTGGCC
13 CTTTAACTAAAAT
13 CAACAAATCCTGG
13 CCGCAGGACCACC
13 CCAACGGATGCGC
13 AGGATTTGGATTT
13 TTCAATTAAAAAA
13 AAAATAAATAAAA
13 AAAATCGCTGGCT
13 TTGTGTGAATTTT
13 AAAATCGCTGGCT
13 TATTTTTGTTTTC
13 TTGTTTTTTTTTT
13 GAAATGCACAAAC
13 TCCTGGCATCGAG
13 TAAGTGTGAGTGT
13 AAACAAATACGAA
13 GTTTGTGTTTTGG
13 AGCAGCTGCAGCA
13 ATGCGATAATTCA
13 CCAAGGACTCGCA
13 ACTCGCAGGACTG
13 ATATGGAAACCCG
13 ACTGAAATTATAG
13 GACAGTTGACAGC
13 CATGGAAATATAA
13 GCGGCAAACGATT
13 GGAGGCGGCAGAG
13 ACATGCGTGGCAA
13 TTTTAATTATATT
13 GCGGCAAACGATT
13 GGAGGCGGCAGAG
13 ACATGCGTGGCAA
13 CGCTCAGTGCCGA
13 AGGAGCAGAAGAA
13 GAATCCTGCCATC
13 TGGTGCGTGTGTG
13 CATCCGCAGCGCC
13 TGCCAGCTGCTTC
13 CTCCATTTCGCCC
13 GATTAGTAATTTA
13 TATATATATATAT
13 AAAAGAAAAACAA
13 AAAACGTTTTCGG
13 TTCCTTCAATTTT
13 AAACACACACACA
13 TGGTGCGTGTGTG
13 CATCCGCAGCGCC
13 TGCCAGCTGCTTC
13 CTCCATTTCGCCC
13 GATTAGTAATTTA
13 TATATATATATAT
13 AAAAGAAAAACAA
13 AAAACGTTTTCGG
13 TTCCTTCAATTTT
13 AAACACACACACA
13 CAAAAAAAAAAAA
13 TTTTCTATCTTTG
13 GCAACCACAACGG
13 CTCCATTTCGCCC
13 GATTAGTAATTTA
13 TATATATATATAT
13 AAAAGAAAAACAA
13 AAAACGTTTTCGG
13 TTCCTTCAATTTT
13 AAACACACACACA
13 CAAAAAAAAAAAA
13 TTTTCTATCTTTG
13 GCAACCACAACGG
13 CGGCAGTGGCAGC
13 TTTTTTTGTTTTG
13 CGGCAGTGGCAGC
13 TTTTTTTGTTTTG
13 CCGCAGGACCACC
13 TTCTTGTGCTTGC
13 ATGCAACAAATGA
13 GGCCAACAAGTTA
13 CTGCTTTCCTGCT
13 CACATGGAGGCGG
13 TCTGGCTCTGGAG
13 AGTTTTTGTTCAA
13 GATGGAGACGGAG
13 GCAGCAGCAGCAG
13 GCAGCAGCAGCAG
13 GCAGCAGCAGCAG
13 GCAGCAGCAGCAG
13 TATGTGAAGTGCT
13 AGCAGGTGGAAAC
13 ACACACAAACGAG
13 CATGGTTGTTGTT
13 ATTTTGTTATTGT
13 CAAAAGTCCTTTA
13 CAGCTTTAAAATC
13 ATTATCGAGACTC
13 ATTCCACTGCCTT
13 AGTTTGCAGTTTA
13 AAACAATAACAGA
13 GACTGCTGCCCAT
13 CGGCATCACGCTG
13 TTTTTAAGCTTTG
13 ATTTTGAAAAGAT
13 TTCAAATGTTGTT
13 TAAATAAAAATAA
13 TATGTATATATAT
13 AAATTTTACATTT
13 AGTTTGCAGTTTA
13 AAACAATAACAGA
13 GACTGCTGCCCAT
13 CGGCATCACGCTG
13 TTTTTAAGCTTTG
13 ATTTTGAAAAGAT
13 TTCAAATGTTGTT
13 TAAATAAAAATAA
13 TATGTATATATAT
13 AAATTTTACATTT
13 AAACAATAACAGA
13 GACTGCTGCCCAT
13 CGGCATCACGCTG
13 TTTTTAAGCTTTG
13 CACACACACAAAC
13 ACAAATGCCGCAT
13 AAACAAACAAACA
13 CAGTACCACCCAC
13 ACAAATTAACATC
13 AAACAAACAAACA
13 GCAATTTTTAAAT
13 TAAAAATTAAGTA
13 GCTGGCAGCAACA
13 CAGTACCACCCAC
13 ACAAATTAACATC
13 CCACACACACACA
13 CACACACACACAT
13 CACACACACACAT
13 CACACACACACAT
13 CACACACACACAT
13 TGTTTGCCTGTCG
13 CAAATACACACAT
13 CTAATTTTTTAAT
13 TGTTTGCCTGTCG
13 CAAATACACACAT
13 CTAATTTTTTAAT
13 TGTTTGCCTGTCG
13 CAAATACACACAT
13 CTAATTTTTTAAT
13 CCTTGGCCTGCTG
13 CTGCTGGCCACCA
13 TTCGTGATGCATG
13 AGAAAATGTTCCC
13 ATACAAATATATT
13 CAGCAGCAGCAGC
13 CAGCAGCAGCAGC
13 CAGCAGCAGCAGC
13 CAGGTGGACAAGG
13 CGCTGCAGCTGCA
13 CCAATGCCGGAGA
13 AAAAATGGAAAAT
13 AATGGAAAATATT
13 CTGCCGCAGCAGC
13 AGAAGGCAGAGAA
13 CAACCTGGCCAAG
13 CAATATATAAATC
13 AAAAATGGAAAAT
13 AATGGAAAATATT
13 CTGCCGCAGCAGC
13 AGAAGGCAGAGAA
13 CAACCTGGCCAAG
13 CAATATATAAATC
13 CAACGGCAGCGCC
13 GCTGCATTTCTAT
13 CAGCTGTACTGCA
13 TTACATTTTATTT
13 GATATTTTTATAT
13 CAGCCTTCAAACG
13 CGAGCAAATAATC
13 AATGGAAATGGAA
13 TTTTATAAAAAAA
13 TGCCTCATTGCCG
13 TCCACCACCGATG
13 TGTTTATTTTGTG
13 ACGCCTCATTTGC
13 CTTGCAGGCGGCA
13 TGAGCGCGGAGTT
13 CAAATCCCAGACG
13 AGGTCCAGGAGGA
13 CAAATGTGCGCCA
13 GAACCGCAGGCAG
13 CAAATGTGCGCCA
13 GAACCGCAGGCAG
13 AAGGAATTGGGAA
13 ATTTGCTTTTATT
13 GAGCTGGGCCACA
13 CAGCAGCAGCAGC
13 CAGCAGCAGCAGC
13 CAGCAGCAGCAGC
13 CAGCAGCAGCAGC
13 CAGCAGCAGCAGC
13 TATTTGCCCATCT
13 GATGTGGCCGCCG
13 GAAAAGGAGAAGA
13 ATCATTAAAATTT
13 TTAAAATTTAATT
13 ACTCACACACACA
13 CACACACACACAC
13 CACACACACACAC
13 CACACACACACAC
13 CACACACACACAC
13 CACACACACACAC
13 CACACACACACAC
13 ACACACACACACT
13 GCCAAGGGTTAAG
13 TTTGCAGCAAGCT
13 AGCAGCAGCAGCA
13 AGCAGCAGCAGCA
13 AGCTGCCGCAGCA
13 CAGAATCAGAACC
13 CAGCACAAAAGTG
13 TTTATATAATTGA
13 ATATAATTGAATT
13 ATCATTAAAATTT
13 TTAAAATTTAATT
13 ACTCACACACACA
13 CACACACACACAC
13 CACACACACACAC
13 CACACACACACAC
13 CACACACACACAC
13 CACACACACACAC
13 CACACACACACAC
13 ACACACACACACT
13 GCCAAGGGTTAAG
13 TTTGCAGCAAGCT
13 AGCAGCAGCAGCA
13 AGCAGCAGCAGCA
13 AGCTGCCGCAGCA
13 CAGAATCAGAACC
13 CAGCACAAAAGTG
13 TTTATATAATTGA
13 ATATAATTGAATT
13 GCTTTAACTTTTG
13 GTTTACGGTTCAT
13 CGCACACACACAC
13 CCCACCACCACCC
13 CTGGCCAATGCGG
13 CAGAAGGTGGCCA
13 GGTGCAGCCCATC
13 GCAGCTGCGAGAA
13 ACGCCCACGCCCA
13 GCAGCAGCAACAG
13 CAGCAGCAGCAGC
13 AGCAGCAGCAGCA
13 GCAGCAGCAACAG
13 GGCGGAGGCGGAC
13 TACAGATACAGAT
13 TACAGATACAGAT
13 TACAGATACAGAT
13 ACAGATACAGATA
13 TTAACACCACTCC
13 CAATAAAAACAAA
13 CGCACACACACAC
13 CCCACCACCACCC
13 CTGGCCAATGCGG
13 CAGAAGGTGGCCA
13 GGTGCAGCCCATC
13 GCAGCTGCGAGAA
13 ACGCCCACGCCCA
13 GCAGCAGCAACAG
13 CAGCAGCAGCAGC
13 AGCAGCAGCAGCA
13 GCAGCAGCAACAG
13 AAGTGAAATAAAA
13 GCCAGAGACAAAT
13 GCATGCAGTACTT
13 GCCAGAGACAAAT
13 GCATGCAGTACTT
13 CCTGGCCAAAACA
13 CAAGCTGATGGCC
13 CGCCCAGCCAGCC
13 ACACACGCGCACA
13 GCGACTTTATGGC
13 ATCATCCTCATCC
13 CATCCTCATCCTC
13 CTTCACCCGCTTT
13 CCCGAAATCTGGG
13 ACGAAAACGAAAT
13 ACACACGCGCACA
13 GCGACTTTATGGC
13 ATCATCCTCATCC
13 CATCCTCATCCTC
13 CTTCACCCGCTTT
13 TGTGTGCGTGGCA
13 ATTTTGCTTGTAC
13 AACAAAAAACAAA
13 GCTGCTGCTGGAA
13 ACACACGCGCACA
13 GCGACTTTATGGC
13 ATCATCCTCATCC
13 CATCCTCATCCTC
13 CTTCACCCGCTTT
12 ATCGCGACTTTG
12 GCTAATAATATT
12 AACCCACCACAA
12 CAGCATGGCTTT
12 AGTTGAATTGTA
12 TCAATCCGCCAA
12 AGTTGCATACAA
12 ATAGATAACCCA
12 GCCGTCGAATGT
12 AGATGTCGCTGA
12 CGCCATATCTTC
12 GAGCTGGAGATG
12 CGCAGCTGCAGA
12 CGTGGTGTAAAT
12 CGTGGTGTAAAT
12 CAGCCAGCATAA
12 CAGCAACAAATG
12 TTTTATCAGTAC
12 CAGCTGAATGCC
12 GTGTTCAGCAAG
12 GACCATTTAAAT
12 ATTTAAATATGA
12 ATTTCTAATTTA
12 CTTGGAATCGAA
12 AGTACTAGTTCT
12 CTACTAATTATT
12 GAACGCAAAAAA
12 AAACAGAAATGA
12 TAATTATTTATG
12 TATTTATGATTT
12 ATTTAATAAATT
12 ATTTTTTAAATT
12 TAAATTTCTTTT
12 AATTTTTGCATT
12 GTTTTTATGAGT
12 TTTTGCATTCTC
12 TATTTTATTTAA
12 ATACATTTACAG
12 TTGTTTTTCATT
12 GCTTTCAAATAT
12 AGCGGAAATCGA
12 GGAGACGCAACA
12 CATTAAACAACA
12 CACTGCCAGAGC
12 TGCCACAGCTAA
12 TGCAGTCGATCC
12 ACAGCGGATCCC
12 ATACATTTACAG
12 TTGTTTTTCATT
12 GCTTTCAAATAT
12 AGCGGAAATCGA
12 GGAGACGCAACA
12 CATTAAACAACA
12 CACTGCCAGAGC
12 TGCCACAGCTAA
12 TGCAGTCGATCC
12 ACAGCGGATCCC
12 AATCCAGAATAT
12 AGATATTTATTT
12 ATGTAAATAAAT
12 AAAAGCCAAGAC
12 AGAAAACTGTTG
12 TTACGCACTTTA
12 CCGATGCATTGG
12 ATACATACACAT
12 GTGTGCCTTTAG
12 ATACATATGTAT
